<?xml version="1.0" encoding="UTF-8"?>
<testng-results skipped="0" failed="0" total="1" passed="1">
  <reporter-output>
  </reporter-output>
  <suite name="Default suite" duration-ms="49" started-at="2017-12-11T19:02:00Z" finished-at="2017-12-11T19:02:00Z">
    <groups>
    </groups>
    <test name="Default test" duration-ms="49" started-at="2017-12-11T19:02:00Z" finished-at="2017-12-11T19:02:00Z">
      <class name="MyFirstTest">
        <test-method status="PASS" signature="f()[pri:0, instance:MyFirstTest@20e2cbe0]" name="f" duration-ms="26" started-at="2017-12-12T00:32:00Z" finished-at="2017-12-12T00:32:00Z">
          <reporter-output>
          </reporter-output>
        </test-method> <!-- f -->
      </class> <!-- MyFirstTest -->
    </test> <!-- Default test -->
  </suite> <!-- Default suite -->
</testng-results>
